CRITICAL - 2022-01-16 21:11:01 --> Undefined variable $title
#0 C:\xampp\htdocs\dtsapp\app\Views\layout\template.php(31): CodeIgniter\Debug\Exceptions->errorHandler(2, 'Undefined varia...', 'C:\\xampp\\htdocs...', 31)
#1 C:\xampp\htdocs\dtsapp\system\View\View.php(210): include('C:\\xampp\\htdocs...')
#2 C:\xampp\htdocs\dtsapp\system\View\View.php(213): CodeIgniter\View\View->CodeIgniter\View\{closure}()
#3 C:\xampp\htdocs\dtsapp\system\View\View.php(226): CodeIgniter\View\View->render('layout/template', Array, true)
#4 C:\xampp\htdocs\dtsapp\system\Common.php(1089): CodeIgniter\View\View->render('home', Array, true)
#5 C:\xampp\htdocs\dtsapp\app\Controllers\Home.php(9): view('home')
#6 C:\xampp\htdocs\dtsapp\system\CodeIgniter.php(825): App\Controllers\Home->index()
#7 C:\xampp\htdocs\dtsapp\system\CodeIgniter.php(412): CodeIgniter\CodeIgniter->runController(Object(App\Controllers\Home))
#8 C:\xampp\htdocs\dtsapp\system\CodeIgniter.php(320): CodeIgniter\CodeIgniter->handleRequest(NULL, Object(Config\Cache), false)
#9 C:\xampp\htdocs\dtsapp\public\index.php(37): CodeIgniter\CodeIgniter->run()
#10 {main}
CRITICAL - 2022-01-16 21:11:50 --> Invalid file: layout/modal_about.php
#0 C:\xampp\htdocs\dtsapp\system\View\View.php(198): CodeIgniter\Exceptions\FrameworkException::forInvalidFile('layout/modal_ab...')
#1 C:\xampp\htdocs\dtsapp\system\View\View.php(424): CodeIgniter\View\View->render('layout/modal_ab...', NULL, true)
#2 C:\xampp\htdocs\dtsapp\app\Views\layout\template.php(74): CodeIgniter\View\View->include('layout/modal_ab...')
#3 C:\xampp\htdocs\dtsapp\system\View\View.php(210): include('C:\\xampp\\htdocs...')
#4 C:\xampp\htdocs\dtsapp\system\View\View.php(213): CodeIgniter\View\View->CodeIgniter\View\{closure}()
#5 C:\xampp\htdocs\dtsapp\system\View\View.php(226): CodeIgniter\View\View->render('layout/template', Array, true)
#6 C:\xampp\htdocs\dtsapp\system\Common.php(1089): CodeIgniter\View\View->render('home', Array, true)
#7 C:\xampp\htdocs\dtsapp\app\Controllers\Home.php(10): view('home', Array)
#8 C:\xampp\htdocs\dtsapp\system\CodeIgniter.php(825): App\Controllers\Home->index()
#9 C:\xampp\htdocs\dtsapp\system\CodeIgniter.php(412): CodeIgniter\CodeIgniter->runController(Object(App\Controllers\Home))
#10 C:\xampp\htdocs\dtsapp\system\CodeIgniter.php(320): CodeIgniter\CodeIgniter->handleRequest(NULL, Object(Config\Cache), false)
#11 C:\xampp\htdocs\dtsapp\public\index.php(37): CodeIgniter\CodeIgniter->run()
#12 {main}
CRITICAL - 2022-01-16 21:12:18 --> Invalid file: layout/modal_about.php
#0 C:\xampp\htdocs\dtsapp\system\View\View.php(198): CodeIgniter\Exceptions\FrameworkException::forInvalidFile('layout/modal_ab...')
#1 C:\xampp\htdocs\dtsapp\system\View\View.php(424): CodeIgniter\View\View->render('layout/modal_ab...', NULL, true)
#2 C:\xampp\htdocs\dtsapp\app\Views\layout\template.php(74): CodeIgniter\View\View->include('layout/modal_ab...')
#3 C:\xampp\htdocs\dtsapp\system\View\View.php(210): include('C:\\xampp\\htdocs...')
#4 C:\xampp\htdocs\dtsapp\system\View\View.php(213): CodeIgniter\View\View->CodeIgniter\View\{closure}()
#5 C:\xampp\htdocs\dtsapp\system\View\View.php(226): CodeIgniter\View\View->render('layout/template', Array, true)
#6 C:\xampp\htdocs\dtsapp\system\Common.php(1089): CodeIgniter\View\View->render('home', Array, true)
#7 C:\xampp\htdocs\dtsapp\app\Controllers\Home.php(10): view('home', Array)
#8 C:\xampp\htdocs\dtsapp\system\CodeIgniter.php(825): App\Controllers\Home->index()
#9 C:\xampp\htdocs\dtsapp\system\CodeIgniter.php(412): CodeIgniter\CodeIgniter->runController(Object(App\Controllers\Home))
#10 C:\xampp\htdocs\dtsapp\system\CodeIgniter.php(320): CodeIgniter\CodeIgniter->handleRequest(NULL, Object(Config\Cache), false)
#11 C:\xampp\htdocs\dtsapp\public\index.php(37): CodeIgniter\CodeIgniter->run()
#12 {main}
